<?xml version="1.0" encoding="UTF-8"?>
<!-- Generated by org.testng.reporters.JUnitReportReporter -->
<testsuite skipped="0" hostname="DESKTOP-TBO8PDT" name="Runners.DefaultRunner" tests="1" failures="0" timestamp="24 May 2018 13:23:05 GMT" time="92.383" errors="0">
  <testcase name="feature" time="92.383" classname="Runners.DefaultRunner"/>
</testsuite> <!-- Runners.DefaultRunner -->
